{"/home/jefferson/Dropbox/studies/development/nodejs/projects/api-adopet/api/app.js": {"path":"/home/jefferson/Dropbox/studies/development/nodejs/projects/api-adopet/api/app.js","statementMap":{"0":{"start":{"line":1,"column":16},"end":{"line":1,"column":34}},"1":{"start":{"line":2,"column":15},"end":{"line":2,"column":34}},"2":{"start":{"line":4,"column":12},"end":{"line":4,"column":21}},"3":{"start":{"line":7,"column":0},"end":{"line":7,"column":11}},"4":{"start":{"line":9,"column":0},"end":{"line":9,"column":20}}},"fnMap":{},"branchMap":{},"s":{"0":3,"1":3,"2":3,"3":3,"4":3},"f":{},"b":{},"_coverageSchema":"1a1c01bbd47fc00a2c39e90264f33305004495a9","hash":"0b27ff537eb2308642795215a7f4cb42d9dab6d5"}
,"/home/jefferson/Dropbox/studies/development/nodejs/projects/api-adopet/api/controllers/AdoptionsController.js": {"path":"/home/jefferson/Dropbox/studies/development/nodejs/projects/api-adopet/api/controllers/AdoptionsController.js","statementMap":{"0":{"start":{"line":1,"column":17},"end":{"line":1,"column":37}},"1":{"start":{"line":5,"column":21},"end":{"line":5,"column":24}},"2":{"start":{"line":6,"column":18},"end":{"line":6,"column":31}},"3":{"start":{"line":8,"column":25},"end":{"line":12,"column":5}},"4":{"start":{"line":14,"column":4},"end":{"line":22,"column":5}},"5":{"start":{"line":15,"column":23},"end":{"line":15,"column":67}},"6":{"start":{"line":16,"column":6},"end":{"line":16,"column":88}},"7":{"start":{"line":17,"column":6},"end":{"line":19,"column":8}},"8":{"start":{"line":21,"column":6},"end":{"line":21,"column":57}},"9":{"start":{"line":26,"column":18},"end":{"line":26,"column":31}},"10":{"start":{"line":31,"column":4},"end":{"line":36,"column":5}},"11":{"start":{"line":32,"column":6},"end":{"line":32,"column":75}},"12":{"start":{"line":33,"column":6},"end":{"line":33,"column":87}},"13":{"start":{"line":35,"column":6},"end":{"line":35,"column":57}},"14":{"start":{"line":40,"column":0},"end":{"line":40,"column":36}}},"fnMap":{"0":{"name":"(anonymous_0)","decl":{"start":{"line":4,"column":2},"end":{"line":4,"column":3}},"loc":{"start":{"line":4,"column":40},"end":{"line":23,"column":3}},"line":4},"1":{"name":"(anonymous_1)","decl":{"start":{"line":25,"column":2},"end":{"line":25,"column":3}},"loc":{"start":{"line":25,"column":40},"end":{"line":37,"column":3}},"line":25}},"branchMap":{"0":{"loc":{"start":{"line":11,"column":12},"end":{"line":11,"column":35}},"type":"binary-expr","locations":[{"start":{"line":11,"column":12},"end":{"line":11,"column":21}},{"start":{"line":11,"column":25},"end":{"line":11,"column":35}}],"line":11}},"s":{"0":3,"1":0,"2":0,"3":0,"4":0,"5":0,"6":0,"7":0,"8":0,"9":0,"10":0,"11":0,"12":0,"13":0,"14":3},"f":{"0":0,"1":0},"b":{"0":[0,0]},"_coverageSchema":"1a1c01bbd47fc00a2c39e90264f33305004495a9","hash":"860c8a366d89401415a0cdaa144c38f80dc81209"}
,"/home/jefferson/Dropbox/studies/development/nodejs/projects/api-adopet/api/controllers/PetsController.js": {"path":"/home/jefferson/Dropbox/studies/development/nodejs/projects/api-adopet/api/controllers/PetsController.js","statementMap":{"0":{"start":{"line":1,"column":17},"end":{"line":1,"column":37}},"1":{"start":{"line":5,"column":21},"end":{"line":5,"column":24}},"2":{"start":{"line":7,"column":19},"end":{"line":16,"column":5}},"3":{"start":{"line":18,"column":4},"end":{"line":39,"column":5}},"4":{"start":{"line":19,"column":6},"end":{"line":21,"column":7}},"5":{"start":{"line":20,"column":8},"end":{"line":20,"column":45}},"6":{"start":{"line":23,"column":28},"end":{"line":23,"column":61}},"7":{"start":{"line":24,"column":6},"end":{"line":24,"column":48}},"8":{"start":{"line":26,"column":6},"end":{"line":28,"column":7}},"9":{"start":{"line":27,"column":8},"end":{"line":27,"column":69}},"10":{"start":{"line":30,"column":6},"end":{"line":32,"column":7}},"11":{"start":{"line":31,"column":8},"end":{"line":31,"column":69}},"12":{"start":{"line":34,"column":6},"end":{"line":36,"column":7}},"13":{"start":{"line":35,"column":8},"end":{"line":35,"column":59}},"14":{"start":{"line":38,"column":6},"end":{"line":38,"column":57}},"15":{"start":{"line":43,"column":4},"end":{"line":48,"column":5}},"16":{"start":{"line":44,"column":19},"end":{"line":44,"column":47}},"17":{"start":{"line":45,"column":6},"end":{"line":45,"column":39}},"18":{"start":{"line":47,"column":6},"end":{"line":47,"column":57}},"19":{"start":{"line":52,"column":19},"end":{"line":52,"column":29}},"20":{"start":{"line":53,"column":4},"end":{"line":66,"column":5}},"21":{"start":{"line":54,"column":18},"end":{"line":54,"column":57}},"22":{"start":{"line":56,"column":6},"end":{"line":58,"column":7}},"23":{"start":{"line":57,"column":8},"end":{"line":57,"column":40}},"24":{"start":{"line":60,"column":6},"end":{"line":60,"column":38}},"25":{"start":{"line":62,"column":6},"end":{"line":64,"column":7}},"26":{"start":{"line":63,"column":8},"end":{"line":63,"column":59}},"27":{"start":{"line":65,"column":6},"end":{"line":65,"column":57}},"28":{"start":{"line":70,"column":19},"end":{"line":70,"column":29}},"29":{"start":{"line":71,"column":20},"end":{"line":71,"column":28}},"30":{"start":{"line":73,"column":4},"end":{"line":89,"column":5}},"31":{"start":{"line":74,"column":22},"end":{"line":74,"column":87}},"32":{"start":{"line":76,"column":6},"end":{"line":78,"column":7}},"33":{"start":{"line":77,"column":8},"end":{"line":77,"column":59}},"34":{"start":{"line":80,"column":21},"end":{"line":80,"column":78}},"35":{"start":{"line":82,"column":6},"end":{"line":82,"column":78}},"36":{"start":{"line":84,"column":6},"end":{"line":86,"column":7}},"37":{"start":{"line":85,"column":8},"end":{"line":85,"column":59}},"38":{"start":{"line":88,"column":6},"end":{"line":88,"column":57}},"39":{"start":{"line":93,"column":19},"end":{"line":93,"column":29}},"40":{"start":{"line":94,"column":20},"end":{"line":94,"column":28}},"41":{"start":{"line":96,"column":4},"end":{"line":120,"column":5}},"42":{"start":{"line":98,"column":6},"end":{"line":100,"column":7}},"43":{"start":{"line":99,"column":8},"end":{"line":99,"column":64}},"44":{"start":{"line":102,"column":22},"end":{"line":102,"column":87}},"45":{"start":{"line":104,"column":6},"end":{"line":106,"column":7}},"46":{"start":{"line":105,"column":8},"end":{"line":105,"column":59}},"47":{"start":{"line":108,"column":25},"end":{"line":108,"column":64}},"48":{"start":{"line":109,"column":6},"end":{"line":109,"column":82}},"49":{"start":{"line":111,"column":6},"end":{"line":113,"column":7}},"50":{"start":{"line":112,"column":8},"end":{"line":112,"column":59}},"51":{"start":{"line":115,"column":6},"end":{"line":117,"column":7}},"52":{"start":{"line":116,"column":8},"end":{"line":116,"column":59}},"53":{"start":{"line":119,"column":6},"end":{"line":119,"column":57}},"54":{"start":{"line":124,"column":19},"end":{"line":124,"column":29}},"55":{"start":{"line":125,"column":4},"end":{"line":135,"column":5}},"56":{"start":{"line":126,"column":25},"end":{"line":126,"column":82}},"57":{"start":{"line":128,"column":6},"end":{"line":130,"column":7}},"58":{"start":{"line":129,"column":8},"end":{"line":129,"column":77}},"59":{"start":{"line":132,"column":6},"end":{"line":132,"column":92}},"60":{"start":{"line":134,"column":6},"end":{"line":134,"column":57}},"61":{"start":{"line":139,"column":0},"end":{"line":139,"column":31}}},"fnMap":{"0":{"name":"(anonymous_0)","decl":{"start":{"line":4,"column":2},"end":{"line":4,"column":3}},"loc":{"start":{"line":4,"column":35},"end":{"line":40,"column":3}},"line":4},"1":{"name":"(anonymous_1)","decl":{"start":{"line":42,"column":2},"end":{"line":42,"column":3}},"loc":{"start":{"line":42,"column":36},"end":{"line":49,"column":3}},"line":42},"2":{"name":"(anonymous_2)","decl":{"start":{"line":51,"column":2},"end":{"line":51,"column":3}},"loc":{"start":{"line":51,"column":35},"end":{"line":67,"column":3}},"line":51},"3":{"name":"(anonymous_3)","decl":{"start":{"line":69,"column":2},"end":{"line":69,"column":3}},"loc":{"start":{"line":69,"column":49},"end":{"line":90,"column":3}},"line":69},"4":{"name":"(anonymous_4)","decl":{"start":{"line":92,"column":2},"end":{"line":92,"column":3}},"loc":{"start":{"line":92,"column":46},"end":{"line":121,"column":3}},"line":92},"5":{"name":"(anonymous_5)","decl":{"start":{"line":123,"column":2},"end":{"line":123,"column":3}},"loc":{"start":{"line":123,"column":35},"end":{"line":136,"column":3}},"line":123}},"branchMap":{"0":{"loc":{"start":{"line":14,"column":25},"end":{"line":14,"column":55}},"type":"binary-expr","locations":[{"start":{"line":14,"column":25},"end":{"line":14,"column":47}},{"start":{"line":14,"column":51},"end":{"line":14,"column":55}}],"line":14},"1":{"loc":{"start":{"line":15,"column":18},"end":{"line":15,"column":49}},"type":"binary-expr","locations":[{"start":{"line":15,"column":18},"end":{"line":15,"column":41}},{"start":{"line":15,"column":45},"end":{"line":15,"column":49}}],"line":15},"2":{"loc":{"start":{"line":19,"column":6},"end":{"line":21,"column":7}},"type":"if","locations":[{"start":{"line":19,"column":6},"end":{"line":21,"column":7}},{"start":{},"end":{}}],"line":19},"3":{"loc":{"start":{"line":26,"column":6},"end":{"line":28,"column":7}},"type":"if","locations":[{"start":{"line":26,"column":6},"end":{"line":28,"column":7}},{"start":{},"end":{}}],"line":26},"4":{"loc":{"start":{"line":30,"column":6},"end":{"line":32,"column":7}},"type":"if","locations":[{"start":{"line":30,"column":6},"end":{"line":32,"column":7}},{"start":{},"end":{}}],"line":30},"5":{"loc":{"start":{"line":34,"column":6},"end":{"line":36,"column":7}},"type":"if","locations":[{"start":{"line":34,"column":6},"end":{"line":36,"column":7}},{"start":{},"end":{}}],"line":34},"6":{"loc":{"start":{"line":56,"column":6},"end":{"line":58,"column":7}},"type":"if","locations":[{"start":{"line":56,"column":6},"end":{"line":58,"column":7}},{"start":{},"end":{}}],"line":56},"7":{"loc":{"start":{"line":62,"column":6},"end":{"line":64,"column":7}},"type":"if","locations":[{"start":{"line":62,"column":6},"end":{"line":64,"column":7}},{"start":{},"end":{}}],"line":62},"8":{"loc":{"start":{"line":76,"column":6},"end":{"line":78,"column":7}},"type":"if","locations":[{"start":{"line":76,"column":6},"end":{"line":78,"column":7}},{"start":{},"end":{}}],"line":76},"9":{"loc":{"start":{"line":84,"column":6},"end":{"line":86,"column":7}},"type":"if","locations":[{"start":{"line":84,"column":6},"end":{"line":86,"column":7}},{"start":{},"end":{}}],"line":84},"10":{"loc":{"start":{"line":98,"column":6},"end":{"line":100,"column":7}},"type":"if","locations":[{"start":{"line":98,"column":6},"end":{"line":100,"column":7}},{"start":{},"end":{}}],"line":98},"11":{"loc":{"start":{"line":104,"column":6},"end":{"line":106,"column":7}},"type":"if","locations":[{"start":{"line":104,"column":6},"end":{"line":106,"column":7}},{"start":{},"end":{}}],"line":104},"12":{"loc":{"start":{"line":111,"column":6},"end":{"line":113,"column":7}},"type":"if","locations":[{"start":{"line":111,"column":6},"end":{"line":113,"column":7}},{"start":{},"end":{}}],"line":111},"13":{"loc":{"start":{"line":115,"column":6},"end":{"line":117,"column":7}},"type":"if","locations":[{"start":{"line":115,"column":6},"end":{"line":117,"column":7}},{"start":{},"end":{}}],"line":115},"14":{"loc":{"start":{"line":128,"column":6},"end":{"line":130,"column":7}},"type":"if","locations":[{"start":{"line":128,"column":6},"end":{"line":130,"column":7}},{"start":{},"end":{}}],"line":128}},"s":{"0":3,"1":0,"2":0,"3":0,"4":0,"5":0,"6":0,"7":0,"8":0,"9":0,"10":0,"11":0,"12":0,"13":0,"14":0,"15":0,"16":0,"17":0,"18":0,"19":0,"20":0,"21":0,"22":0,"23":0,"24":0,"25":0,"26":0,"27":0,"28":0,"29":0,"30":0,"31":0,"32":0,"33":0,"34":0,"35":0,"36":0,"37":0,"38":0,"39":0,"40":0,"41":0,"42":0,"43":0,"44":0,"45":0,"46":0,"47":0,"48":0,"49":0,"50":0,"51":0,"52":0,"53":0,"54":0,"55":0,"56":0,"57":0,"58":0,"59":0,"60":0,"61":3},"f":{"0":0,"1":0,"2":0,"3":0,"4":0,"5":0},"b":{"0":[0,0],"1":[0,0],"2":[0,0],"3":[0,0],"4":[0,0],"5":[0,0],"6":[0,0],"7":[0,0],"8":[0,0],"9":[0,0],"10":[0,0],"11":[0,0],"12":[0,0],"13":[0,0],"14":[0,0]},"_coverageSchema":"1a1c01bbd47fc00a2c39e90264f33305004495a9","hash":"0e244349f0e51a74f851a3d0e781a4d259272db9"}
,"/home/jefferson/Dropbox/studies/development/nodejs/projects/api-adopet/api/controllers/SheltersController.js": {"path":"/home/jefferson/Dropbox/studies/development/nodejs/projects/api-adopet/api/controllers/SheltersController.js","statementMap":{"0":{"start":{"line":1,"column":17},"end":{"line":1,"column":37}},"1":{"start":{"line":5,"column":23},"end":{"line":5,"column":31}},"2":{"start":{"line":6,"column":4},"end":{"line":18,"column":5}},"3":{"start":{"line":7,"column":6},"end":{"line":9,"column":7}},"4":{"start":{"line":8,"column":8},"end":{"line":8,"column":45}},"5":{"start":{"line":11,"column":32},"end":{"line":11,"column":73}},"6":{"start":{"line":12,"column":6},"end":{"line":12,"column":52}},"7":{"start":{"line":14,"column":6},"end":{"line":16,"column":7}},"8":{"start":{"line":15,"column":8},"end":{"line":15,"column":59}},"9":{"start":{"line":17,"column":6},"end":{"line":17,"column":57}},"10":{"start":{"line":22,"column":4},"end":{"line":27,"column":5}},"11":{"start":{"line":23,"column":23},"end":{"line":23,"column":55}},"12":{"start":{"line":24,"column":6},"end":{"line":24,"column":43}},"13":{"start":{"line":26,"column":6},"end":{"line":26,"column":57}},"14":{"start":{"line":31,"column":19},"end":{"line":31,"column":29}},"15":{"start":{"line":32,"column":4},"end":{"line":45,"column":5}},"16":{"start":{"line":33,"column":22},"end":{"line":33,"column":65}},"17":{"start":{"line":35,"column":6},"end":{"line":37,"column":7}},"18":{"start":{"line":36,"column":8},"end":{"line":36,"column":44}},"19":{"start":{"line":39,"column":6},"end":{"line":39,"column":42}},"20":{"start":{"line":41,"column":6},"end":{"line":43,"column":7}},"21":{"start":{"line":42,"column":8},"end":{"line":42,"column":59}},"22":{"start":{"line":44,"column":6},"end":{"line":44,"column":57}},"23":{"start":{"line":49,"column":19},"end":{"line":49,"column":29}},"24":{"start":{"line":50,"column":20},"end":{"line":50,"column":28}},"25":{"start":{"line":51,"column":4},"end":{"line":62,"column":5}},"26":{"start":{"line":52,"column":22},"end":{"line":52,"column":91}},"27":{"start":{"line":54,"column":6},"end":{"line":57,"column":7}},"28":{"start":{"line":55,"column":31},"end":{"line":55,"column":74}},"29":{"start":{"line":56,"column":8},"end":{"line":56,"column":92}},"30":{"start":{"line":59,"column":6},"end":{"line":59,"column":35}},"31":{"start":{"line":61,"column":6},"end":{"line":61,"column":57}},"32":{"start":{"line":66,"column":19},"end":{"line":66,"column":29}},"33":{"start":{"line":67,"column":20},"end":{"line":67,"column":28}},"34":{"start":{"line":69,"column":4},"end":{"line":88,"column":5}},"35":{"start":{"line":71,"column":6},"end":{"line":73,"column":7}},"36":{"start":{"line":72,"column":8},"end":{"line":72,"column":69}},"37":{"start":{"line":75,"column":22},"end":{"line":75,"column":91}},"38":{"start":{"line":77,"column":6},"end":{"line":81,"column":7}},"39":{"start":{"line":78,"column":31},"end":{"line":78,"column":74}},"40":{"start":{"line":79,"column":8},"end":{"line":79,"column":92}},"41":{"start":{"line":84,"column":6},"end":{"line":86,"column":7}},"42":{"start":{"line":85,"column":8},"end":{"line":85,"column":59}},"43":{"start":{"line":87,"column":6},"end":{"line":87,"column":57}},"44":{"start":{"line":92,"column":19},"end":{"line":92,"column":29}},"45":{"start":{"line":93,"column":4},"end":{"line":98,"column":5}},"46":{"start":{"line":94,"column":6},"end":{"line":94,"column":67}},"47":{"start":{"line":95,"column":6},"end":{"line":95,"column":96}},"48":{"start":{"line":97,"column":6},"end":{"line":97,"column":57}},"49":{"start":{"line":102,"column":0},"end":{"line":102,"column":35}}},"fnMap":{"0":{"name":"(anonymous_0)","decl":{"start":{"line":4,"column":2},"end":{"line":4,"column":3}},"loc":{"start":{"line":4,"column":39},"end":{"line":19,"column":3}},"line":4},"1":{"name":"(anonymous_1)","decl":{"start":{"line":21,"column":2},"end":{"line":21,"column":3}},"loc":{"start":{"line":21,"column":40},"end":{"line":28,"column":3}},"line":21},"2":{"name":"(anonymous_2)","decl":{"start":{"line":30,"column":2},"end":{"line":30,"column":3}},"loc":{"start":{"line":30,"column":39},"end":{"line":46,"column":3}},"line":30},"3":{"name":"(anonymous_3)","decl":{"start":{"line":48,"column":2},"end":{"line":48,"column":3}},"loc":{"start":{"line":48,"column":53},"end":{"line":63,"column":3}},"line":48},"4":{"name":"(anonymous_4)","decl":{"start":{"line":65,"column":2},"end":{"line":65,"column":3}},"loc":{"start":{"line":65,"column":50},"end":{"line":89,"column":3}},"line":65},"5":{"name":"(anonymous_5)","decl":{"start":{"line":91,"column":2},"end":{"line":91,"column":3}},"loc":{"start":{"line":91,"column":39},"end":{"line":99,"column":3}},"line":91}},"branchMap":{"0":{"loc":{"start":{"line":7,"column":6},"end":{"line":9,"column":7}},"type":"if","locations":[{"start":{"line":7,"column":6},"end":{"line":9,"column":7}},{"start":{},"end":{}}],"line":7},"1":{"loc":{"start":{"line":14,"column":6},"end":{"line":16,"column":7}},"type":"if","locations":[{"start":{"line":14,"column":6},"end":{"line":16,"column":7}},{"start":{},"end":{}}],"line":14},"2":{"loc":{"start":{"line":35,"column":6},"end":{"line":37,"column":7}},"type":"if","locations":[{"start":{"line":35,"column":6},"end":{"line":37,"column":7}},{"start":{},"end":{}}],"line":35},"3":{"loc":{"start":{"line":41,"column":6},"end":{"line":43,"column":7}},"type":"if","locations":[{"start":{"line":41,"column":6},"end":{"line":43,"column":7}},{"start":{},"end":{}}],"line":41},"4":{"loc":{"start":{"line":54,"column":6},"end":{"line":57,"column":7}},"type":"if","locations":[{"start":{"line":54,"column":6},"end":{"line":57,"column":7}},{"start":{},"end":{}}],"line":54},"5":{"loc":{"start":{"line":71,"column":6},"end":{"line":73,"column":7}},"type":"if","locations":[{"start":{"line":71,"column":6},"end":{"line":73,"column":7}},{"start":{},"end":{}}],"line":71},"6":{"loc":{"start":{"line":77,"column":6},"end":{"line":81,"column":7}},"type":"if","locations":[{"start":{"line":77,"column":6},"end":{"line":81,"column":7}},{"start":{},"end":{}}],"line":77},"7":{"loc":{"start":{"line":84,"column":6},"end":{"line":86,"column":7}},"type":"if","locations":[{"start":{"line":84,"column":6},"end":{"line":86,"column":7}},{"start":{},"end":{}}],"line":84}},"s":{"0":3,"1":2,"2":2,"3":2,"4":1,"5":1,"6":1,"7":1,"8":1,"9":0,"10":1,"11":1,"12":1,"13":0,"14":2,"15":2,"16":2,"17":2,"18":1,"19":1,"20":1,"21":1,"22":0,"23":3,"24":3,"25":3,"26":3,"27":3,"28":1,"29":1,"30":2,"31":0,"32":2,"33":2,"34":2,"35":2,"36":1,"37":1,"38":1,"39":1,"40":1,"41":1,"42":1,"43":0,"44":1,"45":1,"46":1,"47":1,"48":0,"49":3},"f":{"0":2,"1":1,"2":2,"3":3,"4":2,"5":1},"b":{"0":[1,1],"1":[1,0],"2":[1,1],"3":[1,0],"4":[1,2],"5":[1,1],"6":[1,0],"7":[1,0]},"_coverageSchema":"1a1c01bbd47fc00a2c39e90264f33305004495a9","hash":"89f9e1dd763184ac6157e1000977536f6846de76"}
,"/home/jefferson/Dropbox/studies/development/nodejs/projects/api-adopet/api/controllers/TutorsController.js": {"path":"/home/jefferson/Dropbox/studies/development/nodejs/projects/api-adopet/api/controllers/TutorsController.js","statementMap":{"0":{"start":{"line":1,"column":17},"end":{"line":1,"column":37}},"1":{"start":{"line":5,"column":4},"end":{"line":10,"column":5}},"2":{"start":{"line":6,"column":24},"end":{"line":6,"column":53}},"3":{"start":{"line":7,"column":6},"end":{"line":7,"column":44}},"4":{"start":{"line":9,"column":6},"end":{"line":9,"column":57}},"5":{"start":{"line":14,"column":21},"end":{"line":14,"column":29}},"6":{"start":{"line":16,"column":4},"end":{"line":33,"column":5}},"7":{"start":{"line":17,"column":6},"end":{"line":19,"column":7}},"8":{"start":{"line":18,"column":8},"end":{"line":18,"column":45}},"9":{"start":{"line":21,"column":30},"end":{"line":21,"column":66}},"10":{"start":{"line":22,"column":6},"end":{"line":22,"column":50}},"11":{"start":{"line":24,"column":6},"end":{"line":26,"column":7}},"12":{"start":{"line":25,"column":8},"end":{"line":25,"column":69}},"13":{"start":{"line":28,"column":6},"end":{"line":30,"column":7}},"14":{"start":{"line":29,"column":8},"end":{"line":29,"column":59}},"15":{"start":{"line":32,"column":6},"end":{"line":32,"column":57}},"16":{"start":{"line":37,"column":19},"end":{"line":37,"column":29}},"17":{"start":{"line":38,"column":4},"end":{"line":51,"column":5}},"18":{"start":{"line":39,"column":20},"end":{"line":39,"column":78}},"19":{"start":{"line":41,"column":6},"end":{"line":43,"column":7}},"20":{"start":{"line":42,"column":8},"end":{"line":42,"column":42}},"21":{"start":{"line":45,"column":6},"end":{"line":45,"column":40}},"22":{"start":{"line":47,"column":6},"end":{"line":49,"column":7}},"23":{"start":{"line":48,"column":8},"end":{"line":48,"column":59}},"24":{"start":{"line":50,"column":6},"end":{"line":50,"column":57}},"25":{"start":{"line":55,"column":19},"end":{"line":55,"column":29}},"26":{"start":{"line":56,"column":20},"end":{"line":56,"column":28}},"27":{"start":{"line":58,"column":4},"end":{"line":69,"column":5}},"28":{"start":{"line":59,"column":22},"end":{"line":59,"column":88}},"29":{"start":{"line":61,"column":6},"end":{"line":64,"column":7}},"30":{"start":{"line":62,"column":29},"end":{"line":62,"column":87}},"31":{"start":{"line":63,"column":8},"end":{"line":63,"column":88}},"32":{"start":{"line":66,"column":6},"end":{"line":66,"column":35}},"33":{"start":{"line":68,"column":6},"end":{"line":68,"column":57}},"34":{"start":{"line":73,"column":19},"end":{"line":73,"column":29}},"35":{"start":{"line":74,"column":20},"end":{"line":74,"column":28}},"36":{"start":{"line":76,"column":4},"end":{"line":100,"column":5}},"37":{"start":{"line":78,"column":6},"end":{"line":80,"column":7}},"38":{"start":{"line":79,"column":8},"end":{"line":79,"column":69}},"39":{"start":{"line":82,"column":6},"end":{"line":82,"column":72}},"40":{"start":{"line":83,"column":27},"end":{"line":83,"column":85}},"41":{"start":{"line":85,"column":6},"end":{"line":87,"column":7}},"42":{"start":{"line":86,"column":8},"end":{"line":86,"column":68}},"43":{"start":{"line":89,"column":6},"end":{"line":89,"column":86}},"44":{"start":{"line":91,"column":6},"end":{"line":93,"column":7}},"45":{"start":{"line":92,"column":8},"end":{"line":92,"column":69}},"46":{"start":{"line":95,"column":6},"end":{"line":97,"column":7}},"47":{"start":{"line":96,"column":8},"end":{"line":96,"column":59}},"48":{"start":{"line":99,"column":6},"end":{"line":99,"column":57}},"49":{"start":{"line":104,"column":19},"end":{"line":104,"column":29}},"50":{"start":{"line":105,"column":4},"end":{"line":115,"column":5}},"51":{"start":{"line":106,"column":27},"end":{"line":106,"column":85}},"52":{"start":{"line":108,"column":6},"end":{"line":110,"column":7}},"53":{"start":{"line":109,"column":8},"end":{"line":109,"column":87}},"54":{"start":{"line":112,"column":6},"end":{"line":112,"column":81}},"55":{"start":{"line":114,"column":6},"end":{"line":114,"column":57}},"56":{"start":{"line":119,"column":0},"end":{"line":119,"column":34}}},"fnMap":{"0":{"name":"(anonymous_0)","decl":{"start":{"line":4,"column":2},"end":{"line":4,"column":3}},"loc":{"start":{"line":4,"column":38},"end":{"line":11,"column":3}},"line":4},"1":{"name":"(anonymous_1)","decl":{"start":{"line":13,"column":2},"end":{"line":13,"column":3}},"loc":{"start":{"line":13,"column":37},"end":{"line":34,"column":3}},"line":13},"2":{"name":"(anonymous_2)","decl":{"start":{"line":36,"column":2},"end":{"line":36,"column":3}},"loc":{"start":{"line":36,"column":37},"end":{"line":52,"column":3}},"line":36},"3":{"name":"(anonymous_3)","decl":{"start":{"line":54,"column":2},"end":{"line":54,"column":3}},"loc":{"start":{"line":54,"column":45},"end":{"line":70,"column":3}},"line":54},"4":{"name":"(anonymous_4)","decl":{"start":{"line":72,"column":2},"end":{"line":72,"column":3}},"loc":{"start":{"line":72,"column":44},"end":{"line":101,"column":3}},"line":72},"5":{"name":"(anonymous_5)","decl":{"start":{"line":103,"column":2},"end":{"line":103,"column":3}},"loc":{"start":{"line":103,"column":37},"end":{"line":116,"column":3}},"line":103}},"branchMap":{"0":{"loc":{"start":{"line":17,"column":6},"end":{"line":19,"column":7}},"type":"if","locations":[{"start":{"line":17,"column":6},"end":{"line":19,"column":7}},{"start":{},"end":{}}],"line":17},"1":{"loc":{"start":{"line":24,"column":6},"end":{"line":26,"column":7}},"type":"if","locations":[{"start":{"line":24,"column":6},"end":{"line":26,"column":7}},{"start":{},"end":{}}],"line":24},"2":{"loc":{"start":{"line":28,"column":6},"end":{"line":30,"column":7}},"type":"if","locations":[{"start":{"line":28,"column":6},"end":{"line":30,"column":7}},{"start":{},"end":{}}],"line":28},"3":{"loc":{"start":{"line":41,"column":6},"end":{"line":43,"column":7}},"type":"if","locations":[{"start":{"line":41,"column":6},"end":{"line":43,"column":7}},{"start":{},"end":{}}],"line":41},"4":{"loc":{"start":{"line":47,"column":6},"end":{"line":49,"column":7}},"type":"if","locations":[{"start":{"line":47,"column":6},"end":{"line":49,"column":7}},{"start":{},"end":{}}],"line":47},"5":{"loc":{"start":{"line":61,"column":6},"end":{"line":64,"column":7}},"type":"if","locations":[{"start":{"line":61,"column":6},"end":{"line":64,"column":7}},{"start":{},"end":{}}],"line":61},"6":{"loc":{"start":{"line":78,"column":6},"end":{"line":80,"column":7}},"type":"if","locations":[{"start":{"line":78,"column":6},"end":{"line":80,"column":7}},{"start":{},"end":{}}],"line":78},"7":{"loc":{"start":{"line":85,"column":6},"end":{"line":87,"column":7}},"type":"if","locations":[{"start":{"line":85,"column":6},"end":{"line":87,"column":7}},{"start":{},"end":{}}],"line":85},"8":{"loc":{"start":{"line":91,"column":6},"end":{"line":93,"column":7}},"type":"if","locations":[{"start":{"line":91,"column":6},"end":{"line":93,"column":7}},{"start":{},"end":{}}],"line":91},"9":{"loc":{"start":{"line":95,"column":6},"end":{"line":97,"column":7}},"type":"if","locations":[{"start":{"line":95,"column":6},"end":{"line":97,"column":7}},{"start":{},"end":{}}],"line":95},"10":{"loc":{"start":{"line":108,"column":6},"end":{"line":110,"column":7}},"type":"if","locations":[{"start":{"line":108,"column":6},"end":{"line":110,"column":7}},{"start":{},"end":{}}],"line":108}},"s":{"0":3,"1":1,"2":1,"3":1,"4":0,"5":2,"6":2,"7":2,"8":1,"9":1,"10":1,"11":1,"12":0,"13":1,"14":1,"15":0,"16":2,"17":2,"18":2,"19":2,"20":1,"21":1,"22":1,"23":1,"24":0,"25":3,"26":3,"27":3,"28":3,"29":3,"30":1,"31":1,"32":2,"33":0,"34":2,"35":2,"36":2,"37":2,"38":1,"39":1,"40":1,"41":1,"42":0,"43":1,"44":1,"45":0,"46":1,"47":1,"48":0,"49":1,"50":1,"51":1,"52":1,"53":0,"54":1,"55":0,"56":3},"f":{"0":1,"1":2,"2":2,"3":3,"4":2,"5":1},"b":{"0":[1,1],"1":[0,1],"2":[1,0],"3":[1,1],"4":[1,0],"5":[1,2],"6":[1,1],"7":[0,1],"8":[0,1],"9":[1,0],"10":[0,1]},"_coverageSchema":"1a1c01bbd47fc00a2c39e90264f33305004495a9","hash":"7e44dfdb688e6fcccbe95d476c893542578422b9"}
,"/home/jefferson/Dropbox/studies/development/nodejs/projects/api-adopet/api/models/adoption.js": {"path":"/home/jefferson/Dropbox/studies/development/nodejs/projects/api-adopet/api/models/adoption.js","statementMap":{"0":{"start":{"line":4,"column":4},"end":{"line":4,"column":24}},"1":{"start":{"line":5,"column":0},"end":{"line":54,"column":1}},"2":{"start":{"line":13,"column":6},"end":{"line":13,"column":58}},"3":{"start":{"line":16,"column":2},"end":{"line":52,"column":4}},"4":{"start":{"line":24,"column":32},"end":{"line":24,"column":84}},"5":{"start":{"line":25,"column":10},"end":{"line":27,"column":11}},"6":{"start":{"line":26,"column":12},"end":{"line":26,"column":59}},"7":{"start":{"line":53,"column":2},"end":{"line":53,"column":17}}},"fnMap":{"0":{"name":"(anonymous_0)","decl":{"start":{"line":5,"column":17},"end":{"line":5,"column":18}},"loc":{"start":{"line":5,"column":43},"end":{"line":54,"column":1}},"line":5},"1":{"name":"(anonymous_1)","decl":{"start":{"line":12,"column":4},"end":{"line":12,"column":5}},"loc":{"start":{"line":12,"column":29},"end":{"line":14,"column":5}},"line":12},"2":{"name":"(anonymous_2)","decl":{"start":{"line":23,"column":8},"end":{"line":23,"column":9}},"loc":{"start":{"line":23,"column":30},"end":{"line":28,"column":9}},"line":23}},"branchMap":{"0":{"loc":{"start":{"line":25,"column":10},"end":{"line":27,"column":11}},"type":"if","locations":[{"start":{"line":25,"column":10},"end":{"line":27,"column":11}},{"start":{},"end":{}}],"line":25}},"s":{"0":5,"1":5,"2":5,"3":5,"4":0,"5":0,"6":0,"7":5},"f":{"0":5,"1":5,"2":0},"b":{"0":[0,0]},"_coverageSchema":"1a1c01bbd47fc00a2c39e90264f33305004495a9","hash":"90941d2ec1aeee65c6b621157f69a31e2b991649"}
,"/home/jefferson/Dropbox/studies/development/nodejs/projects/api-adopet/api/models/index.js": {"path":"/home/jefferson/Dropbox/studies/development/nodejs/projects/api-adopet/api/models/index.js","statementMap":{"0":{"start":{"line":3,"column":11},"end":{"line":3,"column":24}},"1":{"start":{"line":4,"column":13},"end":{"line":4,"column":28}},"2":{"start":{"line":5,"column":18},"end":{"line":5,"column":38}},"3":{"start":{"line":6,"column":16},"end":{"line":6,"column":34}},"4":{"start":{"line":7,"column":17},"end":{"line":7,"column":42}},"5":{"start":{"line":8,"column":12},"end":{"line":8,"column":49}},"6":{"start":{"line":9,"column":15},"end":{"line":9,"column":67}},"7":{"start":{"line":10,"column":11},"end":{"line":10,"column":13}},"8":{"start":{"line":13,"column":0},"end":{"line":17,"column":1}},"9":{"start":{"line":14,"column":2},"end":{"line":14,"column":73}},"10":{"start":{"line":16,"column":2},"end":{"line":16,"column":86}},"11":{"start":{"line":19,"column":0},"end":{"line":32,"column":4}},"12":{"start":{"line":22,"column":4},"end":{"line":27,"column":5}},"13":{"start":{"line":30,"column":18},"end":{"line":30,"column":85}},"14":{"start":{"line":31,"column":4},"end":{"line":31,"column":26}},"15":{"start":{"line":34,"column":0},"end":{"line":38,"column":2}},"16":{"start":{"line":35,"column":2},"end":{"line":37,"column":3}},"17":{"start":{"line":36,"column":4},"end":{"line":36,"column":31}},"18":{"start":{"line":40,"column":0},"end":{"line":40,"column":24}},"19":{"start":{"line":41,"column":0},"end":{"line":41,"column":24}},"20":{"start":{"line":43,"column":0},"end":{"line":43,"column":19}}},"fnMap":{"0":{"name":"(anonymous_0)","decl":{"start":{"line":21,"column":10},"end":{"line":21,"column":11}},"loc":{"start":{"line":21,"column":18},"end":{"line":28,"column":3}},"line":21},"1":{"name":"(anonymous_1)","decl":{"start":{"line":29,"column":11},"end":{"line":29,"column":12}},"loc":{"start":{"line":29,"column":19},"end":{"line":32,"column":3}},"line":29},"2":{"name":"(anonymous_2)","decl":{"start":{"line":34,"column":24},"end":{"line":34,"column":25}},"loc":{"start":{"line":34,"column":37},"end":{"line":38,"column":1}},"line":34}},"branchMap":{"0":{"loc":{"start":{"line":8,"column":12},"end":{"line":8,"column":49}},"type":"binary-expr","locations":[{"start":{"line":8,"column":12},"end":{"line":8,"column":32}},{"start":{"line":8,"column":36},"end":{"line":8,"column":49}}],"line":8},"1":{"loc":{"start":{"line":13,"column":0},"end":{"line":17,"column":1}},"type":"if","locations":[{"start":{"line":13,"column":0},"end":{"line":17,"column":1}},{"start":{"line":15,"column":7},"end":{"line":17,"column":1}}],"line":13},"2":{"loc":{"start":{"line":23,"column":6},"end":{"line":26,"column":43}},"type":"binary-expr","locations":[{"start":{"line":23,"column":6},"end":{"line":23,"column":29}},{"start":{"line":24,"column":12},"end":{"line":24,"column":29}},{"start":{"line":25,"column":12},"end":{"line":25,"column":36}},{"start":{"line":26,"column":12},"end":{"line":26,"column":43}}],"line":23},"3":{"loc":{"start":{"line":35,"column":2},"end":{"line":37,"column":3}},"type":"if","locations":[{"start":{"line":35,"column":2},"end":{"line":37,"column":3}},{"start":{},"end":{}}],"line":35}},"s":{"0":5,"1":5,"2":5,"3":5,"4":5,"5":5,"6":5,"7":5,"8":5,"9":0,"10":5,"11":5,"12":30,"13":20,"14":20,"15":5,"16":20,"17":20,"18":5,"19":5,"20":5},"f":{"0":30,"1":20,"2":20},"b":{"0":[5,0],"1":[0,5],"2":[30,30,25,20],"3":[20,0]},"_coverageSchema":"1a1c01bbd47fc00a2c39e90264f33305004495a9","hash":"ef7ec34f7ea84c3f1f9d622e6338108c09e7e2db"}
,"/home/jefferson/Dropbox/studies/development/nodejs/projects/api-adopet/api/models/pet.js": {"path":"/home/jefferson/Dropbox/studies/development/nodejs/projects/api-adopet/api/models/pet.js","statementMap":{"0":{"start":{"line":4,"column":4},"end":{"line":4,"column":24}},"1":{"start":{"line":5,"column":0},"end":{"line":111,"column":1}},"2":{"start":{"line":13,"column":6},"end":{"line":13,"column":66}},"3":{"start":{"line":14,"column":6},"end":{"line":14,"column":60}},"4":{"start":{"line":17,"column":2},"end":{"line":109,"column":4}},"5":{"start":{"line":110,"column":2},"end":{"line":110,"column":12}}},"fnMap":{"0":{"name":"(anonymous_0)","decl":{"start":{"line":5,"column":17},"end":{"line":5,"column":18}},"loc":{"start":{"line":5,"column":43},"end":{"line":111,"column":1}},"line":5},"1":{"name":"(anonymous_1)","decl":{"start":{"line":12,"column":4},"end":{"line":12,"column":5}},"loc":{"start":{"line":12,"column":29},"end":{"line":15,"column":5}},"line":12}},"branchMap":{},"s":{"0":5,"1":5,"2":5,"3":5,"4":5,"5":5},"f":{"0":5,"1":5},"b":{},"_coverageSchema":"1a1c01bbd47fc00a2c39e90264f33305004495a9","hash":"a8dffa996e536b2374f382fd8a62b4f5deebd3cc"}
,"/home/jefferson/Dropbox/studies/development/nodejs/projects/api-adopet/api/models/shelter.js": {"path":"/home/jefferson/Dropbox/studies/development/nodejs/projects/api-adopet/api/models/shelter.js","statementMap":{"0":{"start":{"line":4,"column":4},"end":{"line":4,"column":24}},"1":{"start":{"line":5,"column":0},"end":{"line":63,"column":1}},"2":{"start":{"line":13,"column":6},"end":{"line":13,"column":63}},"3":{"start":{"line":16,"column":2},"end":{"line":61,"column":4}},"4":{"start":{"line":62,"column":2},"end":{"line":62,"column":16}}},"fnMap":{"0":{"name":"(anonymous_0)","decl":{"start":{"line":5,"column":17},"end":{"line":5,"column":18}},"loc":{"start":{"line":5,"column":43},"end":{"line":63,"column":1}},"line":5},"1":{"name":"(anonymous_1)","decl":{"start":{"line":12,"column":4},"end":{"line":12,"column":5}},"loc":{"start":{"line":12,"column":29},"end":{"line":14,"column":5}},"line":12}},"branchMap":{},"s":{"0":5,"1":5,"2":5,"3":5,"4":5},"f":{"0":5,"1":5},"b":{},"_coverageSchema":"1a1c01bbd47fc00a2c39e90264f33305004495a9","hash":"9d3737e337882726a75ebfd9f6db3e781796112a"}
,"/home/jefferson/Dropbox/studies/development/nodejs/projects/api-adopet/api/models/user.js": {"path":"/home/jefferson/Dropbox/studies/development/nodejs/projects/api-adopet/api/models/user.js","statementMap":{"0":{"start":{"line":4,"column":4},"end":{"line":4,"column":24}},"1":{"start":{"line":5,"column":22},"end":{"line":5,"column":34}},"2":{"start":{"line":6,"column":0},"end":{"line":104,"column":1}},"3":{"start":{"line":14,"column":6},"end":{"line":16,"column":8}},"4":{"start":{"line":19,"column":2},"end":{"line":102,"column":4}},"5":{"start":{"line":50,"column":23},"end":{"line":52,"column":12}},"6":{"start":{"line":53,"column":10},"end":{"line":55,"column":11}},"7":{"start":{"line":54,"column":12},"end":{"line":54,"column":51}},"8":{"start":{"line":103,"column":2},"end":{"line":103,"column":13}}},"fnMap":{"0":{"name":"(anonymous_0)","decl":{"start":{"line":6,"column":17},"end":{"line":6,"column":18}},"loc":{"start":{"line":6,"column":43},"end":{"line":104,"column":1}},"line":6},"1":{"name":"(anonymous_1)","decl":{"start":{"line":13,"column":4},"end":{"line":13,"column":5}},"loc":{"start":{"line":13,"column":29},"end":{"line":17,"column":5}},"line":13},"2":{"name":"(anonymous_2)","decl":{"start":{"line":49,"column":18},"end":{"line":49,"column":19}},"loc":{"start":{"line":49,"column":36},"end":{"line":56,"column":9}},"line":49}},"branchMap":{"0":{"loc":{"start":{"line":53,"column":10},"end":{"line":55,"column":11}},"type":"if","locations":[{"start":{"line":53,"column":10},"end":{"line":55,"column":11}},{"start":{},"end":{}}],"line":53}},"s":{"0":5,"1":5,"2":5,"3":5,"4":5,"5":11,"6":11,"7":8,"8":5},"f":{"0":5,"1":5,"2":11},"b":{"0":[8,3]},"_coverageSchema":"1a1c01bbd47fc00a2c39e90264f33305004495a9","hash":"23d048d25e286c7585d56ba558d5eb16cab6d544"}
,"/home/jefferson/Dropbox/studies/development/nodejs/projects/api-adopet/api/routes/index.js": {"path":"/home/jefferson/Dropbox/studies/development/nodejs/projects/api-adopet/api/routes/index.js","statementMap":{"0":{"start":{"line":1,"column":16},"end":{"line":1,"column":34}},"1":{"start":{"line":2,"column":15},"end":{"line":2,"column":39}},"2":{"start":{"line":3,"column":17},"end":{"line":3,"column":43}},"3":{"start":{"line":4,"column":13},"end":{"line":4,"column":35}},"4":{"start":{"line":6,"column":0},"end":{"line":18,"column":1}},"5":{"start":{"line":8,"column":2},"end":{"line":10,"column":4}},"6":{"start":{"line":9,"column":4},"end":{"line":9,"column":65}},"7":{"start":{"line":12,"column":2},"end":{"line":17,"column":3}}},"fnMap":{"0":{"name":"(anonymous_0)","decl":{"start":{"line":6,"column":17},"end":{"line":6,"column":18}},"loc":{"start":{"line":6,"column":26},"end":{"line":18,"column":1}},"line":6},"1":{"name":"(anonymous_1)","decl":{"start":{"line":8,"column":15},"end":{"line":8,"column":16}},"loc":{"start":{"line":8,"column":35},"end":{"line":10,"column":3}},"line":8}},"branchMap":{},"s":{"0":3,"1":3,"2":3,"3":3,"4":3,"5":3,"6":0,"7":3},"f":{"0":3,"1":0},"b":{},"_coverageSchema":"1a1c01bbd47fc00a2c39e90264f33305004495a9","hash":"e4b77e0980a63f19c31a14fb25aaaf5e75e5a5f9"}
,"/home/jefferson/Dropbox/studies/development/nodejs/projects/api-adopet/api/routes/petsRoute.js": {"path":"/home/jefferson/Dropbox/studies/development/nodejs/projects/api-adopet/api/routes/petsRoute.js","statementMap":{"0":{"start":{"line":1,"column":19},"end":{"line":1,"column":37}},"1":{"start":{"line":2,"column":23},"end":{"line":2,"column":66}},"2":{"start":{"line":3,"column":28},"end":{"line":3,"column":76}},"3":{"start":{"line":4,"column":15},"end":{"line":4,"column":23}},"4":{"start":{"line":6,"column":0},"end":{"line":14,"column":74}},"5":{"start":{"line":16,"column":0},"end":{"line":16,"column":23}}},"fnMap":{},"branchMap":{},"s":{"0":3,"1":3,"2":3,"3":3,"4":3,"5":3},"f":{},"b":{},"_coverageSchema":"1a1c01bbd47fc00a2c39e90264f33305004495a9","hash":"14e7abf77c5006b566aa5e86363a44f2f6a17c7c"}
,"/home/jefferson/Dropbox/studies/development/nodejs/projects/api-adopet/api/routes/sheltersRoute.js": {"path":"/home/jefferson/Dropbox/studies/development/nodejs/projects/api-adopet/api/routes/sheltersRoute.js","statementMap":{"0":{"start":{"line":1,"column":19},"end":{"line":1,"column":37}},"1":{"start":{"line":2,"column":27},"end":{"line":2,"column":74}},"2":{"start":{"line":3,"column":15},"end":{"line":3,"column":23}},"3":{"start":{"line":5,"column":0},"end":{"line":11,"column":60}},"4":{"start":{"line":13,"column":0},"end":{"line":13,"column":23}}},"fnMap":{},"branchMap":{},"s":{"0":3,"1":3,"2":3,"3":3,"4":3},"f":{},"b":{},"_coverageSchema":"1a1c01bbd47fc00a2c39e90264f33305004495a9","hash":"0174319049e099a985fa96e3b200a134d0e7ee4a"}
,"/home/jefferson/Dropbox/studies/development/nodejs/projects/api-adopet/api/routes/tutorsRoute.js": {"path":"/home/jefferson/Dropbox/studies/development/nodejs/projects/api-adopet/api/routes/tutorsRoute.js","statementMap":{"0":{"start":{"line":1,"column":19},"end":{"line":1,"column":37}},"1":{"start":{"line":2,"column":26},"end":{"line":2,"column":68}},"2":{"start":{"line":3,"column":15},"end":{"line":3,"column":23}},"3":{"start":{"line":5,"column":0},"end":{"line":11,"column":55}},"4":{"start":{"line":13,"column":0},"end":{"line":13,"column":23}}},"fnMap":{},"branchMap":{},"s":{"0":3,"1":3,"2":3,"3":3,"4":3},"f":{},"b":{},"_coverageSchema":"1a1c01bbd47fc00a2c39e90264f33305004495a9","hash":"d2caf9dc88c6aad93fe7ea57d6686e204c847b29"}
}
