TN:
SF:api/app.js
FNF:0
FNH:0
DA:1,3
DA:2,3
DA:4,3
DA:7,3
DA:9,3
LF:5
LH:5
BRF:0
BRH:0
end_of_record
TN:
SF:api/controllers/AdoptionsController.js
FN:4,(anonymous_0)
FN:25,(anonymous_1)
FNF:2
FNH:0
FNDA:0,(anonymous_0)
FNDA:0,(anonymous_1)
DA:1,3
DA:5,0
DA:6,0
DA:8,0
DA:14,0
DA:15,0
DA:16,0
DA:17,0
DA:21,0
DA:26,0
DA:31,0
DA:32,0
DA:33,0
DA:35,0
DA:40,3
LF:15
LH:2
BRDA:11,0,0,0
BRDA:11,0,1,0
BRF:2
BRH:0
end_of_record
TN:
SF:api/controllers/PetsController.js
FN:4,(anonymous_0)
FN:42,(anonymous_1)
FN:51,(anonymous_2)
FN:69,(anonymous_3)
FN:92,(anonymous_4)
FN:123,(anonymous_5)
FNF:6
FNH:0
FNDA:0,(anonymous_0)
FNDA:0,(anonymous_1)
FNDA:0,(anonymous_2)
FNDA:0,(anonymous_3)
FNDA:0,(anonymous_4)
FNDA:0,(anonymous_5)
DA:1,3
DA:5,0
DA:7,0
DA:18,0
DA:19,0
DA:20,0
DA:23,0
DA:24,0
DA:26,0
DA:27,0
DA:30,0
DA:31,0
DA:34,0
DA:35,0
DA:38,0
DA:43,0
DA:44,0
DA:45,0
DA:47,0
DA:52,0
DA:53,0
DA:54,0
DA:56,0
DA:57,0
DA:60,0
DA:62,0
DA:63,0
DA:65,0
DA:70,0
DA:71,0
DA:73,0
DA:74,0
DA:76,0
DA:77,0
DA:80,0
DA:82,0
DA:84,0
DA:85,0
DA:88,0
DA:93,0
DA:94,0
DA:96,0
DA:98,0
DA:99,0
DA:102,0
DA:104,0
DA:105,0
DA:108,0
DA:109,0
DA:111,0
DA:112,0
DA:115,0
DA:116,0
DA:119,0
DA:124,0
DA:125,0
DA:126,0
DA:128,0
DA:129,0
DA:132,0
DA:134,0
DA:139,3
LF:62
LH:2
BRDA:14,0,0,0
BRDA:14,0,1,0
BRDA:15,1,0,0
BRDA:15,1,1,0
BRDA:19,2,0,0
BRDA:19,2,1,0
BRDA:26,3,0,0
BRDA:26,3,1,0
BRDA:30,4,0,0
BRDA:30,4,1,0
BRDA:34,5,0,0
BRDA:34,5,1,0
BRDA:56,6,0,0
BRDA:56,6,1,0
BRDA:62,7,0,0
BRDA:62,7,1,0
BRDA:76,8,0,0
BRDA:76,8,1,0
BRDA:84,9,0,0
BRDA:84,9,1,0
BRDA:98,10,0,0
BRDA:98,10,1,0
BRDA:104,11,0,0
BRDA:104,11,1,0
BRDA:111,12,0,0
BRDA:111,12,1,0
BRDA:115,13,0,0
BRDA:115,13,1,0
BRDA:128,14,0,0
BRDA:128,14,1,0
BRF:30
BRH:0
end_of_record
TN:
SF:api/controllers/SheltersController.js
FN:4,(anonymous_0)
FN:21,(anonymous_1)
FN:30,(anonymous_2)
FN:48,(anonymous_3)
FN:65,(anonymous_4)
FN:91,(anonymous_5)
FNF:6
FNH:6
FNDA:2,(anonymous_0)
FNDA:1,(anonymous_1)
FNDA:2,(anonymous_2)
FNDA:3,(anonymous_3)
FNDA:2,(anonymous_4)
FNDA:1,(anonymous_5)
DA:1,3
DA:5,2
DA:6,2
DA:7,2
DA:8,1
DA:11,1
DA:12,1
DA:14,1
DA:15,1
DA:17,0
DA:22,1
DA:23,1
DA:24,1
DA:26,0
DA:31,2
DA:32,2
DA:33,2
DA:35,2
DA:36,1
DA:39,1
DA:41,1
DA:42,1
DA:44,0
DA:49,3
DA:50,3
DA:51,3
DA:52,3
DA:54,3
DA:55,1
DA:56,1
DA:59,2
DA:61,0
DA:66,2
DA:67,2
DA:69,2
DA:71,2
DA:72,1
DA:75,1
DA:77,1
DA:78,1
DA:79,1
DA:84,1
DA:85,1
DA:87,0
DA:92,1
DA:93,1
DA:94,1
DA:95,1
DA:97,0
DA:102,3
LF:50
LH:44
BRDA:7,0,0,1
BRDA:7,0,1,1
BRDA:14,1,0,1
BRDA:14,1,1,0
BRDA:35,2,0,1
BRDA:35,2,1,1
BRDA:41,3,0,1
BRDA:41,3,1,0
BRDA:54,4,0,1
BRDA:54,4,1,2
BRDA:71,5,0,1
BRDA:71,5,1,1
BRDA:77,6,0,1
BRDA:77,6,1,0
BRDA:84,7,0,1
BRDA:84,7,1,0
BRF:16
BRH:12
end_of_record
TN:
SF:api/controllers/TutorsController.js
FN:4,(anonymous_0)
FN:13,(anonymous_1)
FN:36,(anonymous_2)
FN:54,(anonymous_3)
FN:72,(anonymous_4)
FN:103,(anonymous_5)
FNF:6
FNH:6
FNDA:1,(anonymous_0)
FNDA:2,(anonymous_1)
FNDA:2,(anonymous_2)
FNDA:3,(anonymous_3)
FNDA:2,(anonymous_4)
FNDA:1,(anonymous_5)
DA:1,3
DA:5,1
DA:6,1
DA:7,1
DA:9,0
DA:14,2
DA:16,2
DA:17,2
DA:18,1
DA:21,1
DA:22,1
DA:24,1
DA:25,0
DA:28,1
DA:29,1
DA:32,0
DA:37,2
DA:38,2
DA:39,2
DA:41,2
DA:42,1
DA:45,1
DA:47,1
DA:48,1
DA:50,0
DA:55,3
DA:56,3
DA:58,3
DA:59,3
DA:61,3
DA:62,1
DA:63,1
DA:66,2
DA:68,0
DA:73,2
DA:74,2
DA:76,2
DA:78,2
DA:79,1
DA:82,1
DA:83,1
DA:85,1
DA:86,0
DA:89,1
DA:91,1
DA:92,0
DA:95,1
DA:96,1
DA:99,0
DA:104,1
DA:105,1
DA:106,1
DA:108,1
DA:109,0
DA:112,1
DA:114,0
DA:119,3
LF:57
LH:47
BRDA:17,0,0,1
BRDA:17,0,1,1
BRDA:24,1,0,0
BRDA:24,1,1,1
BRDA:28,2,0,1
BRDA:28,2,1,0
BRDA:41,3,0,1
BRDA:41,3,1,1
BRDA:47,4,0,1
BRDA:47,4,1,0
BRDA:61,5,0,1
BRDA:61,5,1,2
BRDA:78,6,0,1
BRDA:78,6,1,1
BRDA:85,7,0,0
BRDA:85,7,1,1
BRDA:91,8,0,0
BRDA:91,8,1,1
BRDA:95,9,0,1
BRDA:95,9,1,0
BRDA:108,10,0,0
BRDA:108,10,1,1
BRF:22
BRH:15
end_of_record
TN:
SF:api/models/adoption.js
FN:5,(anonymous_0)
FN:12,(anonymous_1)
FN:23,(anonymous_2)
FNF:3
FNH:2
FNDA:5,(anonymous_0)
FNDA:5,(anonymous_1)
FNDA:0,(anonymous_2)
DA:4,5
DA:5,5
DA:13,5
DA:16,5
DA:24,0
DA:25,0
DA:26,0
DA:53,5
LF:8
LH:5
BRDA:25,0,0,0
BRDA:25,0,1,0
BRF:2
BRH:0
end_of_record
TN:
SF:api/models/index.js
FN:21,(anonymous_0)
FN:29,(anonymous_1)
FN:34,(anonymous_2)
FNF:3
FNH:3
FNDA:30,(anonymous_0)
FNDA:20,(anonymous_1)
FNDA:20,(anonymous_2)
DA:3,5
DA:4,5
DA:5,5
DA:6,5
DA:7,5
DA:8,5
DA:9,5
DA:10,5
DA:13,5
DA:14,0
DA:16,5
DA:19,5
DA:22,30
DA:30,20
DA:31,20
DA:34,5
DA:35,20
DA:36,20
DA:40,5
DA:41,5
DA:43,5
LF:21
LH:20
BRDA:8,0,0,5
BRDA:8,0,1,0
BRDA:13,1,0,0
BRDA:13,1,1,5
BRDA:23,2,0,30
BRDA:23,2,1,30
BRDA:23,2,2,25
BRDA:23,2,3,20
BRDA:35,3,0,20
BRDA:35,3,1,0
BRF:10
BRH:7
end_of_record
TN:
SF:api/models/pet.js
FN:5,(anonymous_0)
FN:12,(anonymous_1)
FNF:2
FNH:2
FNDA:5,(anonymous_0)
FNDA:5,(anonymous_1)
DA:4,5
DA:5,5
DA:13,5
DA:14,5
DA:17,5
DA:110,5
LF:6
LH:6
BRF:0
BRH:0
end_of_record
TN:
SF:api/models/shelter.js
FN:5,(anonymous_0)
FN:12,(anonymous_1)
FNF:2
FNH:2
FNDA:5,(anonymous_0)
FNDA:5,(anonymous_1)
DA:4,5
DA:5,5
DA:13,5
DA:16,5
DA:62,5
LF:5
LH:5
BRF:0
BRH:0
end_of_record
TN:
SF:api/models/user.js
FN:6,(anonymous_0)
FN:13,(anonymous_1)
FN:49,(anonymous_2)
FNF:3
FNH:3
FNDA:5,(anonymous_0)
FNDA:5,(anonymous_1)
FNDA:11,(anonymous_2)
DA:4,5
DA:5,5
DA:6,5
DA:14,5
DA:19,5
DA:50,11
DA:53,11
DA:54,8
DA:103,5
LF:9
LH:9
BRDA:53,0,0,8
BRDA:53,0,1,3
BRF:2
BRH:2
end_of_record
TN:
SF:api/routes/index.js
FN:6,(anonymous_0)
FN:8,(anonymous_1)
FNF:2
FNH:1
FNDA:3,(anonymous_0)
FNDA:0,(anonymous_1)
DA:1,3
DA:2,3
DA:3,3
DA:4,3
DA:6,3
DA:8,3
DA:9,0
DA:12,3
LF:8
LH:7
BRF:0
BRH:0
end_of_record
TN:
SF:api/routes/petsRoute.js
FNF:0
FNH:0
DA:1,3
DA:2,3
DA:3,3
DA:4,3
DA:6,3
DA:16,3
LF:6
LH:6
BRF:0
BRH:0
end_of_record
TN:
SF:api/routes/sheltersRoute.js
FNF:0
FNH:0
DA:1,3
DA:2,3
DA:3,3
DA:5,3
DA:13,3
LF:5
LH:5
BRF:0
BRH:0
end_of_record
TN:
SF:api/routes/tutorsRoute.js
FNF:0
FNH:0
DA:1,3
DA:2,3
DA:3,3
DA:5,3
DA:13,3
LF:5
LH:5
BRF:0
BRH:0
end_of_record
